android/app/build/intermediates/manifest_merge_blame_file/release/manifest-merger-blame-release-report.txt
1<?xml version="1.0" encoding="utf-8"?>
2<manifest xmlns:android="http://schemas.android.com/apk/res/android"
3    package="com.supermarket.calculator"
4    android:versionCode="22"
5    android:versionName="22" >
6
7    <uses-sdk
8        android:minSdkVersion="21"
9        android:targetSdkVersion="34" />
10
11    <uses-permission android:name="android.permission.INTERNET" />
11-->src\main\AndroidManifest.xml:4:5-67
11-->src\main\AndroidManifest.xml:4:22-64
12
13    <application
13-->src\main\AndroidManifest.xml:6:5-22:19
14        android:allowBackup="true"
14-->src\main\AndroidManifest.xml:7:9-35
15        android:extractNativeLibs="true"
16        android:icon="@mipmap/ic_launcher"
16-->src\main\AndroidManifest.xml:8:9-43
17        android:label="@string/app_name"
17-->src\main\AndroidManifest.xml:9:9-41
18        android:theme="@android:style/Theme.NoTitleBar" >
18-->src\main\AndroidManifest.xml:10:9-56
19        <activity
19-->src\main\AndroidManifest.xml:12:9-20:20
20            android:name="com.supermarket.calculator.MainActivity"
20-->src\main\AndroidManifest.xml:13:13-41
21            android:configChanges="orientation|screenSize|keyboardHidden"
21-->src\main\AndroidManifest.xml:14:13-74
22            android:exported="true" >
22-->src\main\AndroidManifest.xml:15:13-36
23            <intent-filter>
23-->src\main\AndroidManifest.xml:16:13-19:29
24                <action android:name="android.intent.action.MAIN" />
24-->src\main\AndroidManifest.xml:17:17-69
24-->src\main\AndroidManifest.xml:17:25-66
25
26                <category android:name="android.intent.category.LAUNCHER" />
26-->src\main\AndroidManifest.xml:18:17-77
26-->src\main\AndroidManifest.xml:18:27-74
27            </intent-filter>
28        </activity>
29    </application>
30
31</manifest>